<?xml version="1.0" encoding="UTF-8"?>
<!-- Generated by org.testng.reporters.JUnitReportReporter -->
<testsuite hostname="Lenovo-PC" name="testcases.DuplicateLead" tests="1" failures="0" timestamp="22 Apr 2017 06:24:02 GMT" time="410.378" errors="0">
  <testcase name="duplicateLead" time="410.378" classname="testcases.DuplicateLead"/>
</testsuite> <!-- testcases.DuplicateLead -->
