<?xml version="1.0" encoding="UTF-8"?>
<!-- Generated by org.testng.reporters.JUnitReportReporter -->
<testsuite hostname="Lenovo-PC" name="testcases.DeleteLead" tests="1" failures="0" timestamp="23 Apr 2017 05:37:15 GMT" time="75.766" errors="0">
  <testcase name="editLead" time="75.766" classname="testcases.DeleteLead"/>
</testsuite> <!-- testcases.DeleteLead -->
