<?xml version="1.0" encoding="UTF-8"?>
<!-- Generated by org.testng.reporters.JUnitReportReporter -->
<testsuite hostname="Lenovo-PC" name="testcases.CreateLead" tests="2" failures="0" timestamp="23 Apr 2017 07:31:44 GMT" time="221.197" errors="0">
  <testcase name="createLead" time="106.045" classname="testcases.CreateLead"/>
  <testcase name="createLead" time="115.152" classname="testcases.CreateLead"/>
</testsuite> <!-- testcases.CreateLead -->
