<?xml version="1.0" encoding="UTF-8"?>
<!-- Generated by org.testng.reporters.JUnitReportReporter -->
<testsuite hostname="Lenovo-PC" name="testcases.EditLead" tests="1" failures="0" timestamp="23 Apr 2017 05:37:15 GMT" time="101.407" errors="0">
  <testcase name="editLead" time="101.407" classname="testcases.EditLead"/>
</testsuite> <!-- testcases.EditLead -->
